{"/home/sofia/development/vicedomini-softworks/viceregistry/src/lib/audit.ts": {"path":"/home/sofia/development/vicedomini-softworks/viceregistry/src/lib/audit.ts","statementMap":{"0":{"start":{"line":10,"column":2},"end":{"line":15,"column":null}},"1":{"start":{"line":14,"column":6},"end":{"line":14,"column":null}}},"fnMap":{"0":{"name":"writeAuditLog","decl":{"start":{"line":4,"column":16},"end":{"line":4,"column":30}},"loc":{"start":{"line":9,"column":3},"end":{"line":16,"column":null}},"line":9},"1":{"name":"(anonymous_1)","decl":{"start":{"line":13,"column":11},"end":{"line":13,"column":12}},"loc":{"start":{"line":13,"column":18},"end":{"line":15,"column":5}},"line":13}},"branchMap":{},"s":{"0":2,"1":1},"f":{"0":2,"1":1},"b":{},"meta":{"lastBranch":0,"lastFunction":2,"lastStatement":2,"seen":{"f:4:16:4:30":0,"s:10:2:15:Infinity":0,"f:13:11:13:12":1,"s:14:6:14:Infinity":1}}}
,"/home/sofia/development/vicedomini-softworks/viceregistry/src/lib/auth.ts": {"path":"/home/sofia/development/vicedomini-softworks/viceregistry/src/lib/auth.ts","statementMap":{"0":{"start":{"line":4,"column":23},"end":{"line":4,"column":null}},"1":{"start":{"line":7,"column":17},"end":{"line":7,"column":null}},"2":{"start":{"line":8,"column":2},"end":{"line":8,"column":null}},"3":{"start":{"line":8,"column":15},"end":{"line":8,"column":null}},"4":{"start":{"line":9,"column":2},"end":{"line":9,"column":null}},"5":{"start":{"line":15,"column":2},"end":{"line":19,"column":null}},"6":{"start":{"line":23,"column":22},"end":{"line":23,"column":null}},"7":{"start":{"line":24,"column":2},"end":{"line":24,"column":null}},"8":{"start":{"line":28,"column":2},"end":{"line":34,"column":null}},"9":{"start":{"line":38,"column":2},"end":{"line":38,"column":null}}},"fnMap":{"0":{"name":"getSecret","decl":{"start":{"line":6,"column":9},"end":{"line":6,"column":21}},"loc":{"start":{"line":6,"column":21},"end":{"line":10,"column":null}},"line":6},"1":{"name":"createSessionToken","decl":{"start":{"line":12,"column":22},"end":{"line":12,"column":null}},"loc":{"start":{"line":14,"column":19},"end":{"line":20,"column":null}},"line":14},"2":{"name":"verifySessionToken","decl":{"start":{"line":22,"column":22},"end":{"line":22,"column":41}},"loc":{"start":{"line":22,"column":81},"end":{"line":25,"column":null}},"line":22},"3":{"name":"setSessionCookie","decl":{"start":{"line":27,"column":16},"end":{"line":27,"column":33}},"loc":{"start":{"line":27,"column":71},"end":{"line":35,"column":null}},"line":27},"4":{"name":"clearSessionCookie","decl":{"start":{"line":37,"column":16},"end":{"line":37,"column":35}},"loc":{"start":{"line":37,"column":58},"end":{"line":39,"column":null}},"line":37}},"branchMap":{"0":{"loc":{"start":{"line":8,"column":2},"end":{"line":8,"column":null}},"type":"if","locations":[{"start":{"line":8,"column":2},"end":{"line":8,"column":null}},{"start":{},"end":{}}],"line":8}},"s":{"0":1,"1":7,"2":7,"3":1,"4":6,"5":4,"6":3,"7":1,"8":1,"9":1},"f":{"0":7,"1":4,"2":3,"3":1,"4":1},"b":{"0":[1,6]},"meta":{"lastBranch":1,"lastFunction":5,"lastStatement":10,"seen":{"s:4:23:4:Infinity":0,"f:6:9:6:21":0,"s:7:17:7:Infinity":1,"b:8:2:8:Infinity:undefined:undefined:undefined:undefined":0,"s:8:2:8:Infinity":2,"s:8:15:8:Infinity":3,"s:9:2:9:Infinity":4,"f:12:22:12:Infinity":1,"s:15:2:19:Infinity":5,"f:22:22:22:41":2,"s:23:22:23:Infinity":6,"s:24:2:24:Infinity":7,"f:27:16:27:33":3,"s:28:2:34:Infinity":8,"f:37:16:37:35":4,"s:38:2:38:Infinity":9}}}
,"/home/sofia/development/vicedomini-softworks/viceregistry/src/lib/registry-client.ts": {"path":"/home/sofia/development/vicedomini-softworks/viceregistry/src/lib/registry-client.ts","statementMap":{"0":{"start":{"line":1,"column":21},"end":{"line":1,"column":null}},"1":{"start":{"line":4,"column":2},"end":{"line":4,"column":null}},"2":{"start":{"line":7,"column":14},"end":{"line":7,"column":null}},"3":{"start":{"line":8,"column":2},"end":{"line":14,"column":null}},"4":{"start":{"line":18,"column":14},"end":{"line":18,"column":null}},"5":{"start":{"line":19,"column":2},"end":{"line":19,"column":null}},"6":{"start":{"line":19,"column":15},"end":{"line":19,"column":null}},"7":{"start":{"line":20,"column":15},"end":{"line":20,"column":null}},"8":{"start":{"line":21,"column":2},"end":{"line":21,"column":null}},"9":{"start":{"line":25,"column":14},"end":{"line":25,"column":null}},"10":{"start":{"line":26,"column":2},"end":{"line":26,"column":null}},"11":{"start":{"line":26,"column":15},"end":{"line":26,"column":null}},"12":{"start":{"line":27,"column":15},"end":{"line":27,"column":null}},"13":{"start":{"line":28,"column":2},"end":{"line":28,"column":null}},"14":{"start":{"line":32,"column":2},"end":{"line":32,"column":null}},"15":{"start":{"line":36,"column":14},"end":{"line":36,"column":null}},"16":{"start":{"line":37,"column":2},"end":{"line":37,"column":null}},"17":{"start":{"line":41,"column":2},"end":{"line":41,"column":null}},"18":{"start":{"line":45,"column":2},"end":{"line":45,"column":null}}},"fnMap":{"0":{"name":"registryFetch","decl":{"start":{"line":6,"column":15},"end":{"line":6,"column":29}},"loc":{"start":{"line":6,"column":66},"end":{"line":15,"column":null}},"line":6},"1":{"name":"listRepositories","decl":{"start":{"line":17,"column":22},"end":{"line":17,"column":60}},"loc":{"start":{"line":17,"column":60},"end":{"line":22,"column":null}},"line":17},"2":{"name":"listTags","decl":{"start":{"line":24,"column":22},"end":{"line":24,"column":31}},"loc":{"start":{"line":24,"column":64},"end":{"line":29,"column":null}},"line":24},"3":{"name":"getManifest","decl":{"start":{"line":31,"column":22},"end":{"line":31,"column":34}},"loc":{"start":{"line":31,"column":67},"end":{"line":33,"column":null}},"line":31},"4":{"name":"getManifestDigest","decl":{"start":{"line":35,"column":22},"end":{"line":35,"column":40}},"loc":{"start":{"line":35,"column":97},"end":{"line":38,"column":null}},"line":35},"5":{"name":"deleteManifest","decl":{"start":{"line":40,"column":22},"end":{"line":40,"column":37}},"loc":{"start":{"line":40,"column":67},"end":{"line":42,"column":null}},"line":40},"6":{"name":"proxyRegistryRequest","decl":{"start":{"line":44,"column":22},"end":{"line":44,"column":43}},"loc":{"start":{"line":44,"column":77},"end":{"line":46,"column":null}},"line":44}},"branchMap":{"0":{"loc":{"start":{"line":1,"column":21},"end":{"line":1,"column":null}},"type":"binary-expr","locations":[{"start":{"line":1,"column":21},"end":{"line":1,"column":53}},{"start":{"line":1,"column":53},"end":{"line":1,"column":null}}],"line":1},"1":{"loc":{"start":{"line":12,"column":10},"end":{"line":12,"column":null}},"type":"binary-expr","locations":[{"start":{"line":12,"column":10},"end":{"line":12,"column":30}},{"start":{"line":12,"column":30},"end":{"line":12,"column":null}}],"line":12},"2":{"loc":{"start":{"line":19,"column":2},"end":{"line":19,"column":null}},"type":"if","locations":[{"start":{"line":19,"column":2},"end":{"line":19,"column":null}},{"start":{},"end":{}}],"line":19},"3":{"loc":{"start":{"line":21,"column":10},"end":{"line":21,"column":null}},"type":"binary-expr","locations":[{"start":{"line":21,"column":10},"end":{"line":21,"column":44}},{"start":{"line":21,"column":44},"end":{"line":21,"column":null}}],"line":21},"4":{"loc":{"start":{"line":26,"column":2},"end":{"line":26,"column":null}},"type":"if","locations":[{"start":{"line":26,"column":2},"end":{"line":26,"column":null}},{"start":{},"end":{}}],"line":26},"5":{"loc":{"start":{"line":28,"column":10},"end":{"line":28,"column":null}},"type":"binary-expr","locations":[{"start":{"line":28,"column":10},"end":{"line":28,"column":36}},{"start":{"line":28,"column":36},"end":{"line":28,"column":null}}],"line":28}},"s":{"0":1,"1":1,"2":13,"3":13,"4":4,"5":4,"6":1,"7":3,"8":3,"9":3,"10":3,"11":1,"12":2,"13":2,"14":1,"15":3,"16":3,"17":1,"18":1},"f":{"0":13,"1":4,"2":3,"3":1,"4":3,"5":1,"6":1},"b":{"0":[1,1],"1":[13,13],"2":[1,3],"3":[3,1],"4":[1,2],"5":[2,1]},"meta":{"lastBranch":6,"lastFunction":7,"lastStatement":19,"seen":{"s:1:21:1:Infinity":0,"b:1:21:1:53:1:53:1:Infinity":0,"s:4:2:4:Infinity":1,"f:6:15:6:29":0,"s:7:14:7:Infinity":2,"s:8:2:14:Infinity":3,"b:12:10:12:30:12:30:12:Infinity":1,"f:17:22:17:60":1,"s:18:14:18:Infinity":4,"b:19:2:19:Infinity:undefined:undefined:undefined:undefined":2,"s:19:2:19:Infinity":5,"s:19:15:19:Infinity":6,"s:20:15:20:Infinity":7,"s:21:2:21:Infinity":8,"b:21:10:21:44:21:44:21:Infinity":3,"f:24:22:24:31":2,"s:25:14:25:Infinity":9,"b:26:2:26:Infinity:undefined:undefined:undefined:undefined":4,"s:26:2:26:Infinity":10,"s:26:15:26:Infinity":11,"s:27:15:27:Infinity":12,"s:28:2:28:Infinity":13,"b:28:10:28:36:28:36:28:Infinity":5,"f:31:22:31:34":3,"s:32:2:32:Infinity":14,"f:35:22:35:40":4,"s:36:14:36:Infinity":15,"s:37:2:37:Infinity":16,"f:40:22:40:37":5,"s:41:2:41:Infinity":17,"f:44:22:44:43":6,"s:45:2:45:Infinity":18}}}
,"/home/sofia/development/vicedomini-softworks/viceregistry/src/lib/registry-sync.ts": {"path":"/home/sofia/development/vicedomini-softworks/viceregistry/src/lib/registry-sync.ts","statementMap":{"0":{"start":{"line":6,"column":27},"end":{"line":6,"column":null}},"1":{"start":{"line":9,"column":2},"end":{"line":9,"column":null}},"2":{"start":{"line":9,"column":13},"end":{"line":9,"column":null}},"3":{"start":{"line":10,"column":2},"end":{"line":10,"column":null}},"4":{"start":{"line":15,"column":16},"end":{"line":15,"column":null}},"5":{"start":{"line":16,"column":2},"end":{"line":16,"column":null}},"6":{"start":{"line":16,"column":26},"end":{"line":16,"column":null}},"7":{"start":{"line":18,"column":2},"end":{"line":24,"column":null}},"8":{"start":{"line":20,"column":33},"end":{"line":20,"column":68}},"9":{"start":{"line":32,"column":21},"end":{"line":36,"column":null}},"10":{"start":{"line":38,"column":2},"end":{"line":38,"column":null}},"11":{"start":{"line":38,"column":40},"end":{"line":38,"column":null}},"12":{"start":{"line":40,"column":15},"end":{"line":40,"column":null}},"13":{"start":{"line":43,"column":16},"end":{"line":46,"column":null}},"14":{"start":{"line":44,"column":4},"end":{"line":46,"column":null}},"15":{"start":{"line":45,"column":6},"end":{"line":45,"column":null}},"16":{"start":{"line":48,"column":18},"end":{"line":48,"column":null}},"17":{"start":{"line":49,"column":58},"end":{"line":49,"column":null}},"18":{"start":{"line":51,"column":2},"end":{"line":85,"column":null}},"19":{"start":{"line":52,"column":20},"end":{"line":59,"column":null}},"20":{"start":{"line":54,"column":20},"end":{"line":54,"column":null}},"21":{"start":{"line":55,"column":8},"end":{"line":55,"column":null}},"22":{"start":{"line":55,"column":21},"end":{"line":55,"column":null}},"23":{"start":{"line":56,"column":50},"end":{"line":56,"column":null}},"24":{"start":{"line":57,"column":8},"end":{"line":57,"column":null}},"25":{"start":{"line":61,"column":4},"end":{"line":84,"column":null}},"26":{"start":{"line":62,"column":6},"end":{"line":62,"column":null}},"27":{"start":{"line":62,"column":58},"end":{"line":62,"column":null}},"28":{"start":{"line":63,"column":32},"end":{"line":63,"column":null}},"29":{"start":{"line":65,"column":12},"end":{"line":67,"column":null}},"30":{"start":{"line":67,"column":19},"end":{"line":67,"column":38}},"31":{"start":{"line":68,"column":19},"end":{"line":68,"column":null}},"32":{"start":{"line":68,"column":43},"end":{"line":68,"column":50}},"33":{"start":{"line":69,"column":6},"end":{"line":69,"column":null}},"34":{"start":{"line":71,"column":21},"end":{"line":71,"column":null}},"35":{"start":{"line":72,"column":25},"end":{"line":72,"column":null}},"36":{"start":{"line":74,"column":6},"end":{"line":83,"column":null}},"37":{"start":{"line":88,"column":2},"end":{"line":103,"column":null}},"38":{"start":{"line":89,"column":4},"end":{"line":102,"column":null}},"39":{"start":{"line":106,"column":2},"end":{"line":112,"column":null}},"40":{"start":{"line":117,"column":16},"end":{"line":117,"column":null}},"41":{"start":{"line":118,"column":2},"end":{"line":118,"column":null}},"42":{"start":{"line":118,"column":47},"end":{"line":118,"column":67}}},"fnMap":{"0":{"name":"isStale","decl":{"start":{"line":8,"column":9},"end":{"line":8,"column":17}},"loc":{"start":{"line":8,"column":57},"end":{"line":11,"column":null}},"line":8},"1":{"name":"syncRepositories","decl":{"start":{"line":14,"column":22},"end":{"line":14,"column":56}},"loc":{"start":{"line":14,"column":56},"end":{"line":25,"column":null}},"line":14},"2":{"name":"(anonymous_2)","decl":{"start":{"line":20,"column":22},"end":{"line":20,"column":23}},"loc":{"start":{"line":20,"column":33},"end":{"line":20,"column":68}},"line":20},"3":{"name":"syncRepository","decl":{"start":{"line":31,"column":22},"end":{"line":31,"column":37}},"loc":{"start":{"line":31,"column":66},"end":{"line":113,"column":null}},"line":31},"4":{"name":"(anonymous_4)","decl":{"start":{"line":43,"column":16},"end":{"line":43,"column":17}},"loc":{"start":{"line":44,"column":4},"end":{"line":46,"column":null}},"line":44},"5":{"name":"(anonymous_5)","decl":{"start":{"line":44,"column":57},"end":{"line":44,"column":58}},"loc":{"start":{"line":45,"column":6},"end":{"line":45,"column":null}},"line":45},"6":{"name":"(anonymous_6)","decl":{"start":{"line":53,"column":16},"end":{"line":53,"column":23}},"loc":{"start":{"line":53,"column":31},"end":{"line":58,"column":7}},"line":53},"7":{"name":"(anonymous_7)","decl":{"start":{"line":67,"column":12},"end":{"line":67,"column":13}},"loc":{"start":{"line":67,"column":19},"end":{"line":67,"column":38}},"line":67},"8":{"name":"(anonymous_8)","decl":{"start":{"line":68,"column":33},"end":{"line":68,"column":34}},"loc":{"start":{"line":68,"column":43},"end":{"line":68,"column":50}},"line":68},"9":{"name":"syncAll","decl":{"start":{"line":116,"column":22},"end":{"line":116,"column":47}},"loc":{"start":{"line":116,"column":47},"end":{"line":119,"column":null}},"line":116},"10":{"name":"(anonymous_10)","decl":{"start":{"line":118,"column":37},"end":{"line":118,"column":38}},"loc":{"start":{"line":118,"column":47},"end":{"line":118,"column":67}},"line":118}},"branchMap":{"0":{"loc":{"start":{"line":9,"column":2},"end":{"line":9,"column":null}},"type":"if","locations":[{"start":{"line":9,"column":2},"end":{"line":9,"column":null}},{"start":{},"end":{}}],"line":9},"1":{"loc":{"start":{"line":16,"column":2},"end":{"line":16,"column":null}},"type":"if","locations":[{"start":{"line":16,"column":2},"end":{"line":16,"column":null}},{"start":{},"end":{}}],"line":16},"2":{"loc":{"start":{"line":38,"column":2},"end":{"line":38,"column":null}},"type":"if","locations":[{"start":{"line":38,"column":2},"end":{"line":38,"column":null}},{"start":{},"end":{}}],"line":38},"3":{"loc":{"start":{"line":55,"column":8},"end":{"line":55,"column":null}},"type":"if","locations":[{"start":{"line":55,"column":8},"end":{"line":55,"column":null}},{"start":{},"end":{}}],"line":55},"4":{"loc":{"start":{"line":62,"column":6},"end":{"line":62,"column":null}},"type":"if","locations":[{"start":{"line":62,"column":6},"end":{"line":62,"column":null}},{"start":{},"end":{}}],"line":62},"5":{"loc":{"start":{"line":62,"column":10},"end":{"line":62,"column":58}},"type":"binary-expr","locations":[{"start":{"line":62,"column":10},"end":{"line":62,"column":43}},{"start":{"line":62,"column":43},"end":{"line":62,"column":58}}],"line":62},"6":{"loc":{"start":{"line":66,"column":9},"end":{"line":66,"column":null}},"type":"binary-expr","locations":[{"start":{"line":66,"column":9},"end":{"line":66,"column":28}},{"start":{"line":66,"column":28},"end":{"line":66,"column":49}},{"start":{"line":66,"column":49},"end":{"line":66,"column":null}}],"line":66},"7":{"loc":{"start":{"line":67,"column":26},"end":{"line":67,"column":37}},"type":"binary-expr","locations":[{"start":{"line":67,"column":26},"end":{"line":67,"column":36}},{"start":{"line":67,"column":36},"end":{"line":67,"column":37}}],"line":67},"8":{"loc":{"start":{"line":79,"column":12},"end":{"line":79,"column":null}},"type":"binary-expr","locations":[{"start":{"line":79,"column":12},"end":{"line":79,"column":30}},{"start":{"line":79,"column":30},"end":{"line":79,"column":null}}],"line":79},"9":{"loc":{"start":{"line":80,"column":22},"end":{"line":80,"column":null}},"type":"binary-expr","locations":[{"start":{"line":80,"column":22},"end":{"line":80,"column":50}},{"start":{"line":80,"column":50},"end":{"line":80,"column":null}}],"line":80},"10":{"loc":{"start":{"line":81,"column":19},"end":{"line":81,"column":null}},"type":"cond-expr","locations":[{"start":{"line":81,"column":41},"end":{"line":81,"column":72}},{"start":{"line":81,"column":72},"end":{"line":81,"column":null}}],"line":81},"11":{"loc":{"start":{"line":88,"column":2},"end":{"line":103,"column":null}},"type":"if","locations":[{"start":{"line":88,"column":2},"end":{"line":103,"column":null}},{"start":{},"end":{}}],"line":88}},"s":{"0":1,"1":16,"2":12,"3":4,"4":2,"5":2,"6":1,"7":1,"8":2,"9":16,"10":16,"11":3,"12":13,"13":13,"14":13,"15":9,"16":13,"17":13,"18":13,"19":9,"20":17,"21":16,"22":1,"23":15,"24":15,"25":9,"26":17,"27":2,"28":15,"29":15,"30":5,"31":17,"32":5,"33":17,"34":17,"35":17,"36":17,"37":13,"38":6,"39":13,"40":2,"41":2,"42":2},"f":{"0":16,"1":2,"2":2,"3":16,"4":13,"5":9,"6":17,"7":5,"8":5,"9":2,"10":2},"b":{"0":[12,4],"1":[1,1],"2":[3,13],"3":[1,15],"4":[2,15],"5":[17,16],"6":[15,2,1],"7":[5,1],"8":[17,14],"9":[17,14],"10":[1,14],"11":[6,7]},"meta":{"lastBranch":12,"lastFunction":11,"lastStatement":43,"seen":{"s:6:27:6:Infinity":0,"f:8:9:8:17":0,"b:9:2:9:Infinity:undefined:undefined:undefined:undefined":0,"s:9:2:9:Infinity":1,"s:9:13:9:Infinity":2,"s:10:2:10:Infinity":3,"f:14:22:14:56":1,"s:15:16:15:Infinity":4,"b:16:2:16:Infinity:undefined:undefined:undefined:undefined":1,"s:16:2:16:Infinity":5,"s:16:26:16:Infinity":6,"s:18:2:24:Infinity":7,"f:20:22:20:23":2,"s:20:33:20:68":8,"f:31:22:31:37":3,"s:32:21:36:Infinity":9,"b:38:2:38:Infinity:undefined:undefined:undefined:undefined":2,"s:38:2:38:Infinity":10,"s:38:40:38:Infinity":11,"s:40:15:40:Infinity":12,"s:43:16:46:Infinity":13,"f:43:16:43:17":4,"s:44:4:46:Infinity":14,"f:44:57:44:58":5,"s:45:6:45:Infinity":15,"s:48:18:48:Infinity":16,"s:49:58:49:Infinity":17,"s:51:2:85:Infinity":18,"s:52:20:59:Infinity":19,"f:53:16:53:23":6,"s:54:20:54:Infinity":20,"b:55:8:55:Infinity:undefined:undefined:undefined:undefined":3,"s:55:8:55:Infinity":21,"s:55:21:55:Infinity":22,"s:56:50:56:Infinity":23,"s:57:8:57:Infinity":24,"s:61:4:84:Infinity":25,"b:62:6:62:Infinity:undefined:undefined:undefined:undefined":4,"s:62:6:62:Infinity":26,"b:62:10:62:43:62:43:62:58":5,"s:62:58:62:Infinity":27,"s:63:32:63:Infinity":28,"s:65:12:67:Infinity":29,"b:66:9:66:28:66:28:66:49:66:49:66:Infinity":6,"f:67:12:67:13":7,"s:67:19:67:38":30,"b:67:26:67:36:67:36:67:37":7,"s:68:19:68:Infinity":31,"f:68:33:68:34":8,"s:68:43:68:50":32,"s:69:6:69:Infinity":33,"s:71:21:71:Infinity":34,"s:72:25:72:Infinity":35,"s:74:6:83:Infinity":36,"b:79:12:79:30:79:30:79:Infinity":8,"b:80:22:80:50:80:50:80:Infinity":9,"b:81:41:81:72:81:72:81:Infinity":10,"b:88:2:103:Infinity:undefined:undefined:undefined:undefined":11,"s:88:2:103:Infinity":37,"s:89:4:102:Infinity":38,"s:106:2:112:Infinity":39,"f:116:22:116:47":9,"s:117:16:117:Infinity":40,"s:118:2:118:Infinity":41,"f:118:37:118:38":10,"s:118:47:118:67":42}}}
,"/home/sofia/development/vicedomini-softworks/viceregistry/src/lib/registry-token.ts": {"path":"/home/sofia/development/vicedomini-softworks/viceregistry/src/lib/registry-token.ts","statementMap":{"0":{"start":{"line":10,"column":17},"end":{"line":10,"column":null}},"1":{"start":{"line":11,"column":2},"end":{"line":11,"column":null}},"2":{"start":{"line":11,"column":15},"end":{"line":11,"column":null}},"3":{"start":{"line":12,"column":24},"end":{"line":12,"column":null}},"4":{"start":{"line":13,"column":21},"end":{"line":13,"column":null}},"5":{"start":{"line":15,"column":17},"end":{"line":15,"column":null}},"6":{"start":{"line":17,"column":2},"end":{"line":23,"column":null}},"7":{"start":{"line":27,"column":2},"end":{"line":27,"column":null}},"8":{"start":{"line":27,"column":14},"end":{"line":27,"column":null}},"9":{"start":{"line":28,"column":16},"end":{"line":28,"column":null}},"10":{"start":{"line":29,"column":2},"end":{"line":29,"column":null}},"11":{"start":{"line":29,"column":24},"end":{"line":29,"column":null}},"12":{"start":{"line":30,"column":35},"end":{"line":30,"column":null}},"13":{"start":{"line":31,"column":18},"end":{"line":31,"column":null}},"14":{"start":{"line":32,"column":2},"end":{"line":32,"column":null}},"15":{"start":{"line":36,"column":2},"end":{"line":36,"column":null}},"16":{"start":{"line":36,"column":23},"end":{"line":36,"column":null}},"17":{"start":{"line":37,"column":16},"end":{"line":37,"column":null}},"18":{"start":{"line":38,"column":2},"end":{"line":38,"column":null}},"19":{"start":{"line":38,"column":24},"end":{"line":38,"column":null}},"20":{"start":{"line":39,"column":35},"end":{"line":39,"column":null}},"21":{"start":{"line":40,"column":27},"end":{"line":40,"column":null}},"22":{"start":{"line":42,"column":18},"end":{"line":42,"column":null}},"23":{"start":{"line":43,"column":18},"end":{"line":43,"column":null}},"24":{"start":{"line":44,"column":18},"end":{"line":44,"column":null}},"25":{"start":{"line":46,"column":18},"end":{"line":51,"column":null}},"26":{"start":{"line":47,"column":4},"end":{"line":47,"column":null}},"27":{"start":{"line":47,"column":22},"end":{"line":47,"column":null}},"28":{"start":{"line":48,"column":4},"end":{"line":48,"column":null}},"29":{"start":{"line":48,"column":22},"end":{"line":48,"column":null}},"30":{"start":{"line":49,"column":4},"end":{"line":49,"column":null}},"31":{"start":{"line":49,"column":37},"end":{"line":49,"column":null}},"32":{"start":{"line":50,"column":4},"end":{"line":50,"column":null}},"33":{"start":{"line":53,"column":2},"end":{"line":53,"column":null}},"34":{"start":{"line":53,"column":28},"end":{"line":53,"column":null}},"35":{"start":{"line":54,"column":2},"end":{"line":54,"column":null}}},"fnMap":{"0":{"name":"issueRegistryToken","decl":{"start":{"line":9,"column":22},"end":{"line":9,"column":41}},"loc":{"start":{"line":9,"column":79},"end":{"line":24,"column":null}},"line":9},"1":{"name":"parseScopeToAccess","decl":{"start":{"line":26,"column":9},"end":{"line":26,"column":28}},"loc":{"start":{"line":26,"column":43},"end":{"line":33,"column":null}},"line":26},"2":{"name":"computeGrantedScope","decl":{"start":{"line":35,"column":16},"end":{"line":35,"column":36}},"loc":{"start":{"line":35,"column":89},"end":{"line":55,"column":null}},"line":35},"3":{"name":"(anonymous_3)","decl":{"start":{"line":46,"column":42},"end":{"line":46,"column":43}},"loc":{"start":{"line":46,"column":49},"end":{"line":51,"column":3}},"line":46}},"branchMap":{"0":{"loc":{"start":{"line":11,"column":2},"end":{"line":11,"column":null}},"type":"if","locations":[{"start":{"line":11,"column":2},"end":{"line":11,"column":null}},{"start":{},"end":{}}],"line":11},"1":{"loc":{"start":{"line":22,"column":15},"end":{"line":22,"column":70}},"type":"binary-expr","locations":[{"start":{"line":22,"column":15},"end":{"line":22,"column":56}},{"start":{"line":22,"column":56},"end":{"line":22,"column":70}}],"line":22},"2":{"loc":{"start":{"line":27,"column":2},"end":{"line":27,"column":null}},"type":"if","locations":[{"start":{"line":27,"column":2},"end":{"line":27,"column":null}},{"start":{},"end":{}}],"line":27},"3":{"loc":{"start":{"line":29,"column":2},"end":{"line":29,"column":null}},"type":"if","locations":[{"start":{"line":29,"column":2},"end":{"line":29,"column":null}},{"start":{},"end":{}}],"line":29},"4":{"loc":{"start":{"line":36,"column":2},"end":{"line":36,"column":null}},"type":"if","locations":[{"start":{"line":36,"column":2},"end":{"line":36,"column":null}},{"start":{},"end":{}}],"line":36},"5":{"loc":{"start":{"line":38,"column":2},"end":{"line":38,"column":null}},"type":"if","locations":[{"start":{"line":38,"column":2},"end":{"line":38,"column":null}},{"start":{},"end":{}}],"line":38},"6":{"loc":{"start":{"line":43,"column":18},"end":{"line":43,"column":null}},"type":"binary-expr","locations":[{"start":{"line":43,"column":18},"end":{"line":43,"column":29}},{"start":{"line":43,"column":29},"end":{"line":43,"column":null}}],"line":43},"7":{"loc":{"start":{"line":44,"column":18},"end":{"line":44,"column":null}},"type":"binary-expr","locations":[{"start":{"line":44,"column":18},"end":{"line":44,"column":29}},{"start":{"line":44,"column":29},"end":{"line":44,"column":null}}],"line":44},"8":{"loc":{"start":{"line":47,"column":4},"end":{"line":47,"column":null}},"type":"if","locations":[{"start":{"line":47,"column":4},"end":{"line":47,"column":null}},{"start":{},"end":{}}],"line":47},"9":{"loc":{"start":{"line":48,"column":4},"end":{"line":48,"column":null}},"type":"if","locations":[{"start":{"line":48,"column":4},"end":{"line":48,"column":null}},{"start":{},"end":{}}],"line":48},"10":{"loc":{"start":{"line":49,"column":4},"end":{"line":49,"column":null}},"type":"if","locations":[{"start":{"line":49,"column":4},"end":{"line":49,"column":null}},{"start":{},"end":{}}],"line":49},"11":{"loc":{"start":{"line":49,"column":8},"end":{"line":49,"column":37}},"type":"binary-expr","locations":[{"start":{"line":49,"column":8},"end":{"line":49,"column":21}},{"start":{"line":49,"column":21},"end":{"line":49,"column":37}}],"line":49},"12":{"loc":{"start":{"line":53,"column":2},"end":{"line":53,"column":null}},"type":"if","locations":[{"start":{"line":53,"column":2},"end":{"line":53,"column":null}},{"start":{},"end":{}}],"line":53}},"s":{"0":7,"1":7,"2":1,"3":6,"4":6,"5":6,"6":6,"7":6,"8":3,"9":3,"10":3,"11":1,"12":2,"13":2,"14":2,"15":8,"16":1,"17":7,"18":7,"19":1,"20":6,"21":6,"22":6,"23":6,"24":8,"25":8,"26":13,"27":5,"28":8,"29":8,"30":4,"31":3,"32":1,"33":8,"34":2,"35":4},"f":{"0":7,"1":6,"2":8,"3":13},"b":{"0":[1,6],"1":[6,1],"2":[3,3],"3":[1,2],"4":[1,7],"5":[1,6],"6":[6,3],"7":[8,2],"8":[5,8],"9":[4,4],"10":[3,1],"11":[4,3],"12":[2,6]},"meta":{"lastBranch":13,"lastFunction":4,"lastStatement":36,"seen":{"f:9:22:9:41":0,"s:10:17:10:Infinity":0,"b:11:2:11:Infinity:undefined:undefined:undefined:undefined":0,"s:11:2:11:Infinity":1,"s:11:15:11:Infinity":2,"s:12:24:12:Infinity":3,"s:13:21:13:Infinity":4,"s:15:17:15:Infinity":5,"s:17:2:23:Infinity":6,"b:22:15:22:56:22:56:22:70":1,"f:26:9:26:28":1,"b:27:2:27:Infinity:undefined:undefined:undefined:undefined":2,"s:27:2:27:Infinity":7,"s:27:14:27:Infinity":8,"s:28:16:28:Infinity":9,"b:29:2:29:Infinity:undefined:undefined:undefined:undefined":3,"s:29:2:29:Infinity":10,"s:29:24:29:Infinity":11,"s:30:35:30:Infinity":12,"s:31:18:31:Infinity":13,"s:32:2:32:Infinity":14,"f:35:16:35:36":2,"b:36:2:36:Infinity:undefined:undefined:undefined:undefined":4,"s:36:2:36:Infinity":15,"s:36:23:36:Infinity":16,"s:37:16:37:Infinity":17,"b:38:2:38:Infinity:undefined:undefined:undefined:undefined":5,"s:38:2:38:Infinity":18,"s:38:24:38:Infinity":19,"s:39:35:39:Infinity":20,"s:40:27:40:Infinity":21,"s:42:18:42:Infinity":22,"s:43:18:43:Infinity":23,"b:43:18:43:29:43:29:43:Infinity":6,"s:44:18:44:Infinity":24,"b:44:18:44:29:44:29:44:Infinity":7,"s:46:18:51:Infinity":25,"f:46:42:46:43":3,"b:47:4:47:Infinity:undefined:undefined:undefined:undefined":8,"s:47:4:47:Infinity":26,"s:47:22:47:Infinity":27,"b:48:4:48:Infinity:undefined:undefined:undefined:undefined":9,"s:48:4:48:Infinity":28,"s:48:22:48:Infinity":29,"b:49:4:49:Infinity:undefined:undefined:undefined:undefined":10,"s:49:4:49:Infinity":30,"b:49:8:49:21:49:21:49:37":11,"s:49:37:49:Infinity":31,"s:50:4:50:Infinity":32,"b:53:2:53:Infinity:undefined:undefined:undefined:undefined":12,"s:53:2:53:Infinity":33,"s:53:28:53:Infinity":34,"s:54:2:54:Infinity":35}}}
,"/home/sofia/development/vicedomini-softworks/viceregistry/src/lib/utils.ts": {"path":"/home/sofia/development/vicedomini-softworks/viceregistry/src/lib/utils.ts","statementMap":{"0":{"start":{"line":5,"column":2},"end":{"line":5,"column":null}}},"fnMap":{"0":{"name":"cn","decl":{"start":{"line":4,"column":16},"end":{"line":4,"column":22}},"loc":{"start":{"line":4,"column":44},"end":{"line":6,"column":null}},"line":4}},"branchMap":{},"s":{"0":5},"f":{"0":5},"b":{},"meta":{"lastBranch":0,"lastFunction":1,"lastStatement":1,"seen":{"f:4:16:4:22":0,"s:5:2:5:Infinity":0}}}
,"/home/sofia/development/vicedomini-softworks/viceregistry/src/lib/validations.ts": {"path":"/home/sofia/development/vicedomini-softworks/viceregistry/src/lib/validations.ts","statementMap":{"0":{"start":{"line":3,"column":27},"end":{"line":6,"column":null}},"1":{"start":{"line":8,"column":32},"end":{"line":17,"column":null}},"2":{"start":{"line":19,"column":32},"end":{"line":28,"column":null}},"3":{"start":{"line":26,"column":17},"end":{"line":26,"column":83}},"4":{"start":{"line":26,"column":44},"end":{"line":26,"column":80}},"5":{"start":{"line":30,"column":36},"end":{"line":38,"column":null}},"6":{"start":{"line":36,"column":17},"end":{"line":36,"column":54}}},"fnMap":{"0":{"name":"(anonymous_0)","decl":{"start":{"line":26,"column":10},"end":{"line":26,"column":11}},"loc":{"start":{"line":26,"column":17},"end":{"line":26,"column":83}},"line":26},"1":{"name":"(anonymous_1)","decl":{"start":{"line":26,"column":37},"end":{"line":26,"column":38}},"loc":{"start":{"line":26,"column":44},"end":{"line":26,"column":80}},"line":26},"2":{"name":"(anonymous_2)","decl":{"start":{"line":36,"column":10},"end":{"line":36,"column":11}},"loc":{"start":{"line":36,"column":17},"end":{"line":36,"column":54}},"line":36}},"branchMap":{"0":{"loc":{"start":{"line":36,"column":17},"end":{"line":36,"column":54}},"type":"binary-expr","locations":[{"start":{"line":36,"column":17},"end":{"line":36,"column":35}},{"start":{"line":36,"column":35},"end":{"line":36,"column":54}}],"line":36}},"s":{"0":1,"1":1,"2":1,"3":7,"4":6,"5":1,"6":5},"f":{"0":7,"1":6,"2":5},"b":{"0":[5,3]},"meta":{"lastBranch":1,"lastFunction":3,"lastStatement":7,"seen":{"s:3:27:6:Infinity":0,"s:8:32:17:Infinity":1,"s:19:32:28:Infinity":2,"f:26:10:26:11":0,"s:26:17:26:83":3,"f:26:37:26:38":1,"s:26:44:26:80":4,"s:30:36:38:Infinity":5,"f:36:10:36:11":2,"s:36:17:36:54":6,"b:36:17:36:35:36:35:36:54":0}}}
,"/home/sofia/development/vicedomini-softworks/viceregistry/src/middleware/index.ts": {"path":"/home/sofia/development/vicedomini-softworks/viceregistry/src/middleware/index.ts","statementMap":{"0":{"start":{"line":5,"column":22},"end":{"line":14,"column":null}},"1":{"start":{"line":17,"column":23},"end":{"line":17,"column":null}},"2":{"start":{"line":20,"column":22},"end":{"line":20,"column":null}},"3":{"start":{"line":22,"column":13},"end":{"line":77,"column":null}},"4":{"start":{"line":23,"column":23},"end":{"line":23,"column":null}},"5":{"start":{"line":25,"column":19},"end":{"line":27,"column":null}},"6":{"start":{"line":26,"column":11},"end":{"line":26,"column":null}},"7":{"start":{"line":30,"column":23},"end":{"line":30,"column":null}},"8":{"start":{"line":31,"column":2},"end":{"line":37,"column":null}},"9":{"start":{"line":32,"column":4},"end":{"line":36,"column":null}},"10":{"start":{"line":33,"column":6},"end":{"line":33,"column":null}},"11":{"start":{"line":35,"column":6},"end":{"line":35,"column":null}},"12":{"start":{"line":39,"column":2},"end":{"line":39,"column":null}},"13":{"start":{"line":39,"column":16},"end":{"line":39,"column":null}},"14":{"start":{"line":42,"column":2},"end":{"line":50,"column":null}},"15":{"start":{"line":43,"column":4},"end":{"line":48,"column":null}},"16":{"start":{"line":44,"column":6},"end":{"line":47,"column":null}},"17":{"start":{"line":49,"column":4},"end":{"line":49,"column":null}},"18":{"start":{"line":53,"column":2},"end":{"line":61,"column":null}},"19":{"start":{"line":54,"column":4},"end":{"line":59,"column":null}},"20":{"start":{"line":55,"column":6},"end":{"line":58,"column":null}},"21":{"start":{"line":60,"column":4},"end":{"line":60,"column":null}},"22":{"start":{"line":64,"column":2},"end":{"line":74,"column":null}},"23":{"start":{"line":64,"column":33},"end":{"line":64,"column":79}},"24":{"start":{"line":65,"column":4},"end":{"line":73,"column":null}},"25":{"start":{"line":66,"column":6},"end":{"line":71,"column":null}},"26":{"start":{"line":67,"column":8},"end":{"line":70,"column":null}},"27":{"start":{"line":72,"column":6},"end":{"line":72,"column":null}},"28":{"start":{"line":76,"column":2},"end":{"line":76,"column":null}}},"fnMap":{"0":{"name":"(anonymous_0)","decl":{"start":{"line":22,"column":42},"end":{"line":22,"column":49}},"loc":{"start":{"line":22,"column":67},"end":{"line":77,"column":1}},"line":22},"1":{"name":"(anonymous_1)","decl":{"start":{"line":26,"column":4},"end":{"line":26,"column":5}},"loc":{"start":{"line":26,"column":11},"end":{"line":26,"column":null}},"line":26},"2":{"name":"(anonymous_2)","decl":{"start":{"line":64,"column":26},"end":{"line":64,"column":27}},"loc":{"start":{"line":64,"column":33},"end":{"line":64,"column":79}},"line":64}},"branchMap":{"0":{"loc":{"start":{"line":26,"column":11},"end":{"line":26,"column":null}},"type":"binary-expr","locations":[{"start":{"line":26,"column":11},"end":{"line":26,"column":29}},{"start":{"line":26,"column":29},"end":{"line":26,"column":null}}],"line":26},"1":{"loc":{"start":{"line":31,"column":2},"end":{"line":37,"column":null}},"type":"if","locations":[{"start":{"line":31,"column":2},"end":{"line":37,"column":null}},{"start":{},"end":{}}],"line":31},"2":{"loc":{"start":{"line":39,"column":2},"end":{"line":39,"column":null}},"type":"if","locations":[{"start":{"line":39,"column":2},"end":{"line":39,"column":null}},{"start":{},"end":{}}],"line":39},"3":{"loc":{"start":{"line":42,"column":2},"end":{"line":50,"column":null}},"type":"if","locations":[{"start":{"line":42,"column":2},"end":{"line":50,"column":null}},{"start":{},"end":{}}],"line":42},"4":{"loc":{"start":{"line":42,"column":6},"end":{"line":42,"column":84}},"type":"binary-expr","locations":[{"start":{"line":42,"column":6},"end":{"line":42,"column":47}},{"start":{"line":42,"column":47},"end":{"line":42,"column":84}}],"line":42},"5":{"loc":{"start":{"line":43,"column":4},"end":{"line":48,"column":null}},"type":"if","locations":[{"start":{"line":43,"column":4},"end":{"line":48,"column":null}},{"start":{},"end":{}}],"line":43},"6":{"loc":{"start":{"line":45,"column":16},"end":{"line":45,"column":null}},"type":"cond-expr","locations":[{"start":{"line":45,"column":38},"end":{"line":45,"column":44}},{"start":{"line":45,"column":44},"end":{"line":45,"column":null}}],"line":45},"7":{"loc":{"start":{"line":53,"column":2},"end":{"line":61,"column":null}},"type":"if","locations":[{"start":{"line":53,"column":2},"end":{"line":61,"column":null}},{"start":{},"end":{}}],"line":53},"8":{"loc":{"start":{"line":54,"column":4},"end":{"line":59,"column":null}},"type":"if","locations":[{"start":{"line":54,"column":4},"end":{"line":59,"column":null}},{"start":{},"end":{}}],"line":54},"9":{"loc":{"start":{"line":64,"column":2},"end":{"line":74,"column":null}},"type":"if","locations":[{"start":{"line":64,"column":2},"end":{"line":74,"column":null}},{"start":{},"end":{}}],"line":64},"10":{"loc":{"start":{"line":64,"column":33},"end":{"line":64,"column":79}},"type":"binary-expr","locations":[{"start":{"line":64,"column":33},"end":{"line":64,"column":51}},{"start":{"line":64,"column":51},"end":{"line":64,"column":79}}],"line":64},"11":{"loc":{"start":{"line":65,"column":4},"end":{"line":73,"column":null}},"type":"if","locations":[{"start":{"line":65,"column":4},"end":{"line":73,"column":null}},{"start":{},"end":{}}],"line":65},"12":{"loc":{"start":{"line":66,"column":6},"end":{"line":71,"column":null}},"type":"if","locations":[{"start":{"line":66,"column":6},"end":{"line":71,"column":null}},{"start":{},"end":{}}],"line":66}},"s":{"0":1,"1":1,"2":1,"3":1,"4":18,"5":18,"6":117,"7":18,"8":18,"9":10,"10":10,"11":1,"12":18,"13":7,"14":11,"15":3,"16":2,"17":1,"18":8,"19":2,"20":1,"21":1,"22":6,"23":10,"24":4,"25":2,"26":1,"27":1,"28":4},"f":{"0":18,"1":117,"2":10},"b":{"0":[117,111],"1":[10,8],"2":[7,11],"3":[3,8],"4":[11,3],"5":[2,1],"6":[1,1],"7":[2,6],"8":[1,1],"9":[4,2],"10":[10,9],"11":[2,2],"12":[1,1]},"meta":{"lastBranch":13,"lastFunction":3,"lastStatement":29,"seen":{"s:5:22:14:Infinity":0,"s:17:23:17:Infinity":1,"s:20:22:20:Infinity":2,"s:22:13:77:Infinity":3,"f:22:42:22:49":0,"s:23:23:23:Infinity":4,"s:25:19:27:Infinity":5,"f:26:4:26:5":1,"s:26:11:26:Infinity":6,"b:26:11:26:29:26:29:26:Infinity":0,"s:30:23:30:Infinity":7,"b:31:2:37:Infinity:undefined:undefined:undefined:undefined":1,"s:31:2:37:Infinity":8,"s:32:4:36:Infinity":9,"s:33:6:33:Infinity":10,"s:35:6:35:Infinity":11,"b:39:2:39:Infinity:undefined:undefined:undefined:undefined":2,"s:39:2:39:Infinity":12,"s:39:16:39:Infinity":13,"b:42:2:50:Infinity:undefined:undefined:undefined:undefined":3,"s:42:2:50:Infinity":14,"b:42:6:42:47:42:47:42:84":4,"b:43:4:48:Infinity:undefined:undefined:undefined:undefined":5,"s:43:4:48:Infinity":15,"s:44:6:47:Infinity":16,"b:45:38:45:44:45:44:45:Infinity":6,"s:49:4:49:Infinity":17,"b:53:2:61:Infinity:undefined:undefined:undefined:undefined":7,"s:53:2:61:Infinity":18,"b:54:4:59:Infinity:undefined:undefined:undefined:undefined":8,"s:54:4:59:Infinity":19,"s:55:6:58:Infinity":20,"s:60:4:60:Infinity":21,"b:64:2:74:Infinity:undefined:undefined:undefined:undefined":9,"s:64:2:74:Infinity":22,"f:64:26:64:27":2,"s:64:33:64:79":23,"b:64:33:64:51:64:51:64:79":10,"b:65:4:73:Infinity:undefined:undefined:undefined:undefined":11,"s:65:4:73:Infinity":24,"b:66:6:71:Infinity:undefined:undefined:undefined:undefined":12,"s:66:6:71:Infinity":25,"s:67:8:70:Infinity":26,"s:72:6:72:Infinity":27,"s:76:2:76:Infinity":28}}}
}
